<?xml version="1.0" encoding="UTF-8"?>
<!-- Generated by org.testng.reporters.JUnitReportReporter -->
<testsuite hostname="DESKTOP-DHHGNN6" failures="0" tests="4" name="com.sgtesting.calculator.testcases.DivisionTestcases" time="0.019" errors="0" timestamp="2022-11-18T14:34:42 IST" skipped="0">
  <testcase classname="com.sgtesting.calculator.testcases.DivisionTestcases" name="divideTwoNegativeNumbers" time="0.003"/>
  <system-out/>
  <testcase classname="com.sgtesting.calculator.testcases.DivisionTestcases" name="divideTwoPositiveNumbers" time="0.004"/>
  <system-out/>
  <testcase classname="com.sgtesting.calculator.testcases.DivisionTestcases" name="dividePositiveAndOneNumbers" time="0.007"/>
  <system-out/>
  <testcase classname="com.sgtesting.calculator.testcases.DivisionTestcases" name="dividePositiveAndNegativeNumbers" time="0.005"/>
  <system-out/>
</testsuite> <!-- com.sgtesting.calculator.testcases.DivisionTestcases -->
