<?xml version="1.0" encoding="UTF-8"?>
<!-- Generated by org.testng.reporters.JUnitReportReporter -->
<testsuite hostname="DESKTOP-DHHGNN6" failures="0" tests="10" name="com.sgtesting.testngsenerio.Problem6" time="132.519" errors="0" timestamp="2022-11-10T22:42:34 IST" skipped="0">
  <testcase classname="com.sgtesting.testngsenerio.Problem6" name="launchBrowser" time="47.794"/>
  <system-out/>
  <testcase classname="com.sgtesting.testngsenerio.Problem6" name="navigate" time="25.099"/>
  <system-out/>
  <testcase classname="com.sgtesting.testngsenerio.Problem6" name="login" time="13.548"/>
  <system-out/>
  <testcase classname="com.sgtesting.testngsenerio.Problem6" name="minimizeFlyOutWindow" time="2.362"/>
  <system-out/>
  <testcase classname="com.sgtesting.testngsenerio.Problem6" name="createCustomer" time="14.908"/>
  <system-out/>
  <testcase classname="com.sgtesting.testngsenerio.Problem6" name="createProject" time="8.513"/>
  <system-out/>
  <testcase classname="com.sgtesting.testngsenerio.Problem6" name="deleteProject" time="7.615"/>
  <system-out/>
  <testcase classname="com.sgtesting.testngsenerio.Problem6" name="deleteCustomer" time="8.462"/>
  <system-out/>
  <testcase classname="com.sgtesting.testngsenerio.Problem6" name="logout" time="1.149"/>
  <system-out/>
  <testcase classname="com.sgtesting.testngsenerio.Problem6" name="closeApplication" time="3.069"/>
  <system-out/>
</testsuite> <!-- com.sgtesting.testngsenerio.Problem6 -->
