<?xml version="1.0" encoding="UTF-8"?>
<!-- Generated by org.testng.reporters.JUnitReportReporter -->
<testsuite hostname="DESKTOP-DHHGNN6" failures="0" tests="6" name="com.sgtesting.testngsenerio.LoginLogoutDemo" time="29.297" errors="0" timestamp="2022-11-10T21:55:26 IST" skipped="0">
  <testcase classname="com.sgtesting.testngsenerio.LoginLogoutDemo" name="launchBrowser" time="8.875"/>
  <system-out/>
  <testcase classname="com.sgtesting.testngsenerio.LoginLogoutDemo" name="navigate" time="8.156"/>
  <system-out/>
  <testcase classname="com.sgtesting.testngsenerio.LoginLogoutDemo" name="login" time="5.384"/>
  <system-out/>
  <testcase classname="com.sgtesting.testngsenerio.LoginLogoutDemo" name="minimizeFlyOutwindow" time="3.126"/>
  <system-out/>
  <testcase classname="com.sgtesting.testngsenerio.LoginLogoutDemo" name="logout" time="2.549"/>
  <system-out/>
  <testcase classname="com.sgtesting.testngsenerio.LoginLogoutDemo" name="closeApp" time="1.207"/>
  <system-out/>
</testsuite> <!-- com.sgtesting.testngsenerio.LoginLogoutDemo -->
