<?xml version="1.0" encoding="UTF-8"?>
<!-- Generated by org.testng.reporters.JUnitReportReporter -->
<testsuite hostname="DESKTOP-DHHGNN6" failures="0" tests="8" name="com.sgtesting.testngsenerio.Problem1" time="136.780" errors="0" timestamp="2022-11-12T18:36:40 IST" skipped="0">
  <testcase classname="com.sgtesting.testngsenerio.Problem1" name="launchBrowser" time="24.386"/>
  <system-out/>
  <testcase classname="com.sgtesting.testngsenerio.Problem1" name="navigate" time="35.858"/>
  <system-out/>
  <testcase classname="com.sgtesting.testngsenerio.Problem1" name="login" time="41.212"/>
  <system-out/>
  <testcase classname="com.sgtesting.testngsenerio.Problem1" name="minfly" time="2.208"/>
  <system-out/>
  <testcase classname="com.sgtesting.testngsenerio.Problem1" name="createdata" time="21.729"/>
  <system-out/>
  <testcase classname="com.sgtesting.testngsenerio.Problem1" name="deletuser" time="1.642"/>
  <system-out/>
  <testcase classname="com.sgtesting.testngsenerio.Problem1" name="logout" time="4.480"/>
  <system-out/>
  <testcase classname="com.sgtesting.testngsenerio.Problem1" name="closeApp" time="5.265"/>
  <system-out/>
</testsuite> <!-- com.sgtesting.testngsenerio.Problem1 -->
