<?xml version="1.0" encoding="UTF-8"?>
<!-- Generated by org.testng.reporters.JUnitReportReporter -->
<testsuite hostname="DESKTOP-DHHGNN6" failures="0" tests="9" name="com.sgtesting.testngsenerio.AssignmentFive" time="569.804" errors="0" timestamp="2022-11-10T12:00:55 IST" skipped="0">
  <testcase classname="com.sgtesting.testngsenerio.AssignmentFive" name="LaunchBrowser" time="55.086"/>
  <system-out/>
  <testcase classname="com.sgtesting.testngsenerio.AssignmentFive" name="navigate" time="180.528"/>
  <system-out/>
  <testcase classname="com.sgtesting.testngsenerio.AssignmentFive" name="login" time="180.020"/>
  <system-out/>
  <testcase classname="com.sgtesting.testngsenerio.AssignmentFive" name="minimizeFlyoutwindow" time="149.786"/>
  <system-out/>
  <testcase classname="com.sgtesting.testngsenerio.AssignmentFive" name="createCustomer" time="0.062"/>
  <system-out/>
  <testcase classname="com.sgtesting.testngsenerio.AssignmentFive" name="modifyCustomer" time="4.016"/>
  <system-out/>
  <testcase classname="com.sgtesting.testngsenerio.AssignmentFive" name="deleteCustomer" time="0.024"/>
  <system-out/>
  <testcase classname="com.sgtesting.testngsenerio.AssignmentFive" name="logout" time="0.022"/>
  <system-out/>
  <testcase classname="com.sgtesting.testngsenerio.AssignmentFive" name="closeApp" time="0.260"/>
  <system-out/>
</testsuite> <!-- com.sgtesting.testngsenerio.AssignmentFive -->
