<?xml version="1.0" encoding="UTF-8"?>
<!-- Generated by org.testng.reporters.JUnitReportReporter -->
<testsuite hostname="DESKTOP-DHHGNN6" failures="0" tests="9" name="com.sgtesting.testngsenerio.Problem2" time="58.894" errors="0" timestamp="2022-11-10T21:55:26 IST" skipped="0">
  <testcase classname="com.sgtesting.testngsenerio.Problem2" name="launchBrowser" time="5.938"/>
  <system-out/>
  <testcase classname="com.sgtesting.testngsenerio.Problem2" name="navigate" time="7.807"/>
  <system-out/>
  <testcase classname="com.sgtesting.testngsenerio.Problem2" name="login" time="8.370"/>
  <system-out/>
  <testcase classname="com.sgtesting.testngsenerio.Problem2" name="minfly" time="2.122"/>
  <system-out/>
  <testcase classname="com.sgtesting.testngsenerio.Problem2" name="createdata" time="9.001"/>
  <system-out/>
  <testcase classname="com.sgtesting.testngsenerio.Problem2" name="modify" time="9.514"/>
  <system-out/>
  <testcase classname="com.sgtesting.testngsenerio.Problem2" name="deletuser" time="10.851"/>
  <system-out/>
  <testcase classname="com.sgtesting.testngsenerio.Problem2" name="logout" time="4.607"/>
  <system-out/>
  <testcase classname="com.sgtesting.testngsenerio.Problem2" name="closeApp" time="0.684"/>
  <system-out/>
</testsuite> <!-- com.sgtesting.testngsenerio.Problem2 -->
