<?xml version="1.0" encoding="UTF-8"?>
<!-- Generated by org.testng.reporters.JUnitReportReporter -->
<testsuite hostname="DESKTOP-DHHGNN6" failures="0" tests="10" name="com.sgtesting.testngsenerio.Ques6" time="54.217" errors="0" timestamp="2022-11-10T12:00:55 IST" skipped="0">
  <testcase classname="com.sgtesting.testngsenerio.Ques6" name="launchBrowser" time="10.532"/>
  <system-out/>
  <testcase classname="com.sgtesting.testngsenerio.Ques6" name="navigate" time="4.332"/>
  <system-out/>
  <testcase classname="com.sgtesting.testngsenerio.Ques6" name="login" time="2.677"/>
  <system-out/>
  <testcase classname="com.sgtesting.testngsenerio.Ques6" name="minimizeFlyOutWindow" time="2.654"/>
  <system-out/>
  <testcase classname="com.sgtesting.testngsenerio.Ques6" name="createCustomer" time="11.601"/>
  <system-out/>
  <testcase classname="com.sgtesting.testngsenerio.Ques6" name="createProject" time="8.494"/>
  <system-out/>
  <testcase classname="com.sgtesting.testngsenerio.Ques6" name="deleteProject" time="3.376"/>
  <system-out/>
  <testcase classname="com.sgtesting.testngsenerio.Ques6" name="deleteCustomer" time="8.460"/>
  <system-out/>
  <testcase classname="com.sgtesting.testngsenerio.Ques6" name="logout" time="0.479"/>
  <system-out/>
  <testcase classname="com.sgtesting.testngsenerio.Ques6" name="closeApplication" time="1.612"/>
  <system-out/>
</testsuite> <!-- com.sgtesting.testngsenerio.Ques6 -->
