<?xml version="1.0" encoding="UTF-8"?>
<!-- Generated by org.testng.reporters.JUnitReportReporter -->
<testsuite hostname="DESKTOP-DHHGNN6" failures="0" tests="9" name="com.sgtesting.testngsenerio.Problem5" time="68.385" errors="0" timestamp="2022-11-10T21:55:26 IST" skipped="0">
  <testcase classname="com.sgtesting.testngsenerio.Problem5" name="LaunchBrowser" time="5.683"/>
  <system-out/>
  <testcase classname="com.sgtesting.testngsenerio.Problem5" name="navigate" time="9.860"/>
  <system-out/>
  <testcase classname="com.sgtesting.testngsenerio.Problem5" name="login" time="5.345"/>
  <system-out/>
  <testcase classname="com.sgtesting.testngsenerio.Problem5" name="minimizeFlyoutwindow" time="2.195"/>
  <system-out/>
  <testcase classname="com.sgtesting.testngsenerio.Problem5" name="createCustomer" time="15.569"/>
  <system-out/>
  <testcase classname="com.sgtesting.testngsenerio.Problem5" name="modifyCustomer" time="10.380"/>
  <system-out/>
  <testcase classname="com.sgtesting.testngsenerio.Problem5" name="deleteCustomer" time="16.458"/>
  <system-out/>
  <testcase classname="com.sgtesting.testngsenerio.Problem5" name="logout" time="2.481"/>
  <system-out/>
  <testcase classname="com.sgtesting.testngsenerio.Problem5" name="closeApp" time="0.414"/>
  <system-out/>
</testsuite> <!-- com.sgtesting.testngsenerio.Problem5 -->
