<?xml version="1.0" encoding="UTF-8"?>
<!-- Generated by org.testng.reporters.JUnitReportReporter -->
<testsuite hostname="DESKTOP-DHHGNN6" failures="0" tests="8" name="com.sgtesting.testngsenerio.AssignmentFour" time="112.979" errors="0" timestamp="2022-11-10T12:00:55 IST" skipped="0">
  <testcase classname="com.sgtesting.testngsenerio.AssignmentFour" name="LaunchBrowser" time="4.977"/>
  <system-out/>
  <testcase classname="com.sgtesting.testngsenerio.AssignmentFour" name="navigate" time="33.510"/>
  <system-out/>
  <testcase classname="com.sgtesting.testngsenerio.AssignmentFour" name="login" time="31.973"/>
  <system-out/>
  <testcase classname="com.sgtesting.testngsenerio.AssignmentFour" name="minimizeFlyoutwindow" time="3.760"/>
  <system-out/>
  <testcase classname="com.sgtesting.testngsenerio.AssignmentFour" name="createCustomer" time="17.079"/>
  <system-out/>
  <testcase classname="com.sgtesting.testngsenerio.AssignmentFour" name="deleteCustomer" time="16.728"/>
  <system-out/>
  <testcase classname="com.sgtesting.testngsenerio.AssignmentFour" name="logout" time="3.900"/>
  <system-out/>
  <testcase classname="com.sgtesting.testngsenerio.AssignmentFour" name="closeApp" time="1.052"/>
  <system-out/>
</testsuite> <!-- com.sgtesting.testngsenerio.AssignmentFour -->
