<?xml version="1.0" encoding="UTF-8"?>
<!-- Generated by org.testng.reporters.JUnitReportReporter -->
<testsuite hostname="DESKTOP-DHHGNN6" failures="0" tests="8" name="com.sgtesting.testngsenerio.Problem1" time="58.708" errors="0" timestamp="2022-11-10T21:55:26 IST" skipped="0">
  <testcase classname="com.sgtesting.testngsenerio.Problem1" name="launchBrowser" time="11.826"/>
  <system-out/>
  <testcase classname="com.sgtesting.testngsenerio.Problem1" name="navigate" time="9.817"/>
  <system-out/>
  <testcase classname="com.sgtesting.testngsenerio.Problem1" name="login" time="9.766"/>
  <system-out/>
  <testcase classname="com.sgtesting.testngsenerio.Problem1" name="minfly" time="2.211"/>
  <system-out/>
  <testcase classname="com.sgtesting.testngsenerio.Problem1" name="createdata" time="11.087"/>
  <system-out/>
  <testcase classname="com.sgtesting.testngsenerio.Problem1" name="deletuser" time="10.898"/>
  <system-out/>
  <testcase classname="com.sgtesting.testngsenerio.Problem1" name="logout" time="2.465"/>
  <system-out/>
  <testcase classname="com.sgtesting.testngsenerio.Problem1" name="closeApp" time="0.638"/>
  <system-out/>
</testsuite> <!-- com.sgtesting.testngsenerio.Problem1 -->
