<?xml version="1.0" encoding="UTF-8"?>
<!-- Generated by org.testng.reporters.JUnitReportReporter -->
<testsuite hostname="DESKTOP-DHHGNN6" failures="0" tests="9" name="com.sgtesting.testngsenerio.Problem4" time="56.072" errors="0" timestamp="2022-11-10T21:55:26 IST" skipped="0">
  <testcase classname="com.sgtesting.testngsenerio.Problem4" name="launchBrowser" time="5.174"/>
  <system-out/>
  <testcase classname="com.sgtesting.testngsenerio.Problem4" name="navigate" time="5.243"/>
  <system-out/>
  <testcase classname="com.sgtesting.testngsenerio.Problem4" name="login" time="8.355"/>
  <system-out/>
  <testcase classname="com.sgtesting.testngsenerio.Problem4" name="minfly" time="2.119"/>
  <system-out/>
  <testcase classname="com.sgtesting.testngsenerio.Problem4" name="Task" time="4.999"/>
  <system-out/>
  <testcase classname="com.sgtesting.testngsenerio.Problem4" name="Addnew" time="12.504"/>
  <system-out/>
  <testcase classname="com.sgtesting.testngsenerio.Problem4" name="deletec" time="12.376"/>
  <system-out/>
  <testcase classname="com.sgtesting.testngsenerio.Problem4" name="logout" time="4.830"/>
  <system-out/>
  <testcase classname="com.sgtesting.testngsenerio.Problem4" name="closeApp" time="0.472"/>
  <system-out/>
</testsuite> <!-- com.sgtesting.testngsenerio.Problem4 -->
