<?xml version="1.0" encoding="UTF-8"?>
<!-- Generated by org.testng.reporters.JUnitReportReporter -->
<testsuite hostname="DESKTOP-DHHGNN6" failures="0" tests="9" name="com.Assignments.Problem4" time="72.439" errors="0" timestamp="2022-11-09T22:26:53 IST" skipped="0">
  <testcase classname="com.Assignments.Problem4" name="launchBrowser" time="21.425"/>
  <system-out/>
  <testcase classname="com.Assignments.Problem4" name="navigate" time="3.995"/>
  <system-out/>
  <testcase classname="com.Assignments.Problem4" name="login" time="9.425"/>
  <system-out/>
  <testcase classname="com.Assignments.Problem4" name="minfly" time="2.242"/>
  <system-out/>
  <testcase classname="com.Assignments.Problem4" name="Task" time="4.148"/>
  <system-out/>
  <testcase classname="com.Assignments.Problem4" name="Addnew" time="12.483"/>
  <system-out/>
  <testcase classname="com.Assignments.Problem4" name="deletec" time="12.716"/>
  <system-out/>
  <testcase classname="com.Assignments.Problem4" name="logout" time="4.951"/>
  <system-out/>
  <testcase classname="com.Assignments.Problem4" name="closeApp" time="1.054"/>
  <system-out/>
</testsuite> <!-- com.Assignments.Problem4 -->
