<?xml version="1.0" encoding="UTF-8"?>
<!-- Generated by org.testng.reporters.JUnitReportReporter -->
<testsuite hostname="DESKTOP-DHHGNN6" failures="0" tests="1" name="com.sgtesting.testngsenerio.LoginLogoutDemo" time="19.898" errors="0" timestamp="2022-11-11T08:03:40 IST" skipped="0">
  <testcase classname="com.sgtesting.testngsenerio.LoginLogoutDemo" name="launchBrowser" time="19.898"/>
  <system-out/>
</testsuite> <!-- com.sgtesting.testngsenerio.LoginLogoutDemo -->
