<?xml version="1.0" encoding="UTF-8"?>
<!-- Generated by org.testng.reporters.JUnitReportReporter -->
<testsuite hostname="DESKTOP-DHHGNN6" failures="0" tests="9" name="com.sgtesting.tests.testcases.Problem4" time="81.199" errors="0" timestamp="2022-11-11T23:14:36 IST" skipped="0">
  <testcase classname="com.sgtesting.tests.testcases.Problem4" name="launchBrowser" time="6.406"/>
  <system-out/>
  <testcase classname="com.sgtesting.tests.testcases.Problem4" name="navigate" time="18.700"/>
  <system-out/>
  <testcase classname="com.sgtesting.tests.testcases.Problem4" name="login" time="8.761"/>
  <system-out/>
  <testcase classname="com.sgtesting.tests.testcases.Problem4" name="minfly" time="3.336"/>
  <system-out/>
  <testcase classname="com.sgtesting.tests.testcases.Problem4" name="Task" time="7.536"/>
  <system-out/>
  <testcase classname="com.sgtesting.tests.testcases.Problem4" name="Addnew" time="14.587"/>
  <system-out/>
  <testcase classname="com.sgtesting.tests.testcases.Problem4" name="deletec" time="12.421"/>
  <system-out/>
  <testcase classname="com.sgtesting.tests.testcases.Problem4" name="logout" time="5.089"/>
  <system-out/>
  <testcase classname="com.sgtesting.tests.testcases.Problem4" name="closeApp" time="4.363"/>
  <system-out/>
</testsuite> <!-- com.sgtesting.tests.testcases.Problem4 -->
