<?xml version="1.0" encoding="UTF-8"?>
<!-- Generated by org.testng.reporters.JUnitReportReporter -->
<testsuite hostname="DESKTOP-DHHGNN6" failures="0" tests="8" name="com.sgtesting.tests.testcases.Problem1" time="101.478" errors="0" timestamp="2022-11-11T23:14:36 IST" skipped="0">
  <testcase classname="com.sgtesting.tests.testcases.Problem1" name="launchBrowser" time="21.842"/>
  <system-out/>
  <testcase classname="com.sgtesting.tests.testcases.Problem1" name="navigate" time="21.623"/>
  <system-out/>
  <testcase classname="com.sgtesting.tests.testcases.Problem1" name="login" time="15.647"/>
  <system-out/>
  <testcase classname="com.sgtesting.tests.testcases.Problem1" name="minfly" time="2.231"/>
  <system-out/>
  <testcase classname="com.sgtesting.tests.testcases.Problem1" name="createdata" time="35.131"/>
  <system-out/>
  <testcase classname="com.sgtesting.tests.testcases.Problem1" name="deletuser" time="0.039"/>
  <system-out/>
  <testcase classname="com.sgtesting.tests.testcases.Problem1" name="logout" time="1.312"/>
  <system-out/>
  <testcase classname="com.sgtesting.tests.testcases.Problem1" name="closeApp" time="3.653"/>
  <system-out/>
</testsuite> <!-- com.sgtesting.tests.testcases.Problem1 -->
