<?xml version="1.0" encoding="UTF-8"?>
<!-- Generated by org.testng.reporters.JUnitReportReporter -->
<testsuite hostname="DESKTOP-DHHGNN6" failures="0" tests="9" name="com.sgtesting.tests.testcases.Problem2" time="91.816" errors="0" timestamp="2022-11-11T23:14:36 IST" skipped="0">
  <testcase classname="com.sgtesting.tests.testcases.Problem2" name="launchBrowser" time="8.100"/>
  <system-out/>
  <testcase classname="com.sgtesting.tests.testcases.Problem2" name="navigate" time="12.786"/>
  <system-out/>
  <testcase classname="com.sgtesting.tests.testcases.Problem2" name="login" time="10.918"/>
  <system-out/>
  <testcase classname="com.sgtesting.tests.testcases.Problem2" name="minfly" time="2.181"/>
  <system-out/>
  <testcase classname="com.sgtesting.tests.testcases.Problem2" name="createdata" time="36.479"/>
  <system-out/>
  <testcase classname="com.sgtesting.tests.testcases.Problem2" name="modify" time="12.337"/>
  <system-out/>
  <testcase classname="com.sgtesting.tests.testcases.Problem2" name="deletuser" time="2.339"/>
  <system-out/>
  <testcase classname="com.sgtesting.tests.testcases.Problem2" name="logout" time="3.457"/>
  <system-out/>
  <testcase classname="com.sgtesting.tests.testcases.Problem2" name="closeApp" time="3.219"/>
  <system-out/>
</testsuite> <!-- com.sgtesting.tests.testcases.Problem2 -->
