<?xml version="1.0" encoding="UTF-8"?>
<!-- Generated by org.testng.reporters.JUnitReportReporter -->
<testsuite hostname="DESKTOP-DHHGNN6" failures="0" tests="3" name="com.sgtesting.tests.testcases.Users" time="0.025" errors="0" timestamp="2022-11-11T23:14:36 IST" skipped="0">
  <testcase classname="com.sgtesting.tests.testcases.Users" name="deleteUser" time="0.003"/>
  <system-out/>
  <testcase classname="com.sgtesting.tests.testcases.Users" name="createUser" time="0.018"/>
  <system-out/>
  <testcase classname="com.sgtesting.tests.testcases.Users" name="modifyUser" time="0.004"/>
  <system-out/>
</testsuite> <!-- com.sgtesting.tests.testcases.Users -->
