<?xml version="1.0" encoding="UTF-8"?>
<!-- Generated by org.testng.reporters.JUnitReportReporter -->
<testsuite hostname="DESKTOP-DHHGNN6" failures="0" tests="9" name="com.sgtesting.tests.testcases.Problem5" time="90.446" errors="0" timestamp="2022-11-11T23:14:36 IST" skipped="0">
  <testcase classname="com.sgtesting.tests.testcases.Problem5" name="LaunchBrowser" time="27.120"/>
  <system-out/>
  <testcase classname="com.sgtesting.tests.testcases.Problem5" name="navigate" time="10.053"/>
  <system-out/>
  <testcase classname="com.sgtesting.tests.testcases.Problem5" name="login" time="6.853"/>
  <system-out/>
  <testcase classname="com.sgtesting.tests.testcases.Problem5" name="minimizeFlyoutwindow" time="2.482"/>
  <system-out/>
  <testcase classname="com.sgtesting.tests.testcases.Problem5" name="createCustomer" time="13.619"/>
  <system-out/>
  <testcase classname="com.sgtesting.tests.testcases.Problem5" name="modifyCustomer" time="10.425"/>
  <system-out/>
  <testcase classname="com.sgtesting.tests.testcases.Problem5" name="deleteCustomer" time="16.536"/>
  <system-out/>
  <testcase classname="com.sgtesting.tests.testcases.Problem5" name="logout" time="2.514"/>
  <system-out/>
  <testcase classname="com.sgtesting.tests.testcases.Problem5" name="closeApp" time="0.844"/>
  <system-out/>
</testsuite> <!-- com.sgtesting.tests.testcases.Problem5 -->
