<?xml version="1.0" encoding="UTF-8"?>
<!-- Generated by org.testng.reporters.JUnitReportReporter -->
<testsuite hostname="DESKTOP-DHHGNN6" failures="0" tests="10" name="com.sgtesting.tests.testcases.Problem6" time="50.504" errors="0" timestamp="2022-11-11T23:14:36 IST" skipped="0">
  <testcase classname="com.sgtesting.tests.testcases.Problem6" name="launchBrowser" time="5.353"/>
  <system-out/>
  <testcase classname="com.sgtesting.tests.testcases.Problem6" name="navigate" time="7.433"/>
  <system-out/>
  <testcase classname="com.sgtesting.tests.testcases.Problem6" name="login" time="2.334"/>
  <system-out/>
  <testcase classname="com.sgtesting.tests.testcases.Problem6" name="minimizeFlyOutWindow" time="2.102"/>
  <system-out/>
  <testcase classname="com.sgtesting.tests.testcases.Problem6" name="createCustomer" time="11.755"/>
  <system-out/>
  <testcase classname="com.sgtesting.tests.testcases.Problem6" name="createProject" time="8.803"/>
  <system-out/>
  <testcase classname="com.sgtesting.tests.testcases.Problem6" name="deleteProject" time="3.216"/>
  <system-out/>
  <testcase classname="com.sgtesting.tests.testcases.Problem6" name="deleteCustomer" time="8.438"/>
  <system-out/>
  <testcase classname="com.sgtesting.tests.testcases.Problem6" name="logout" time="0.660"/>
  <system-out/>
  <testcase classname="com.sgtesting.tests.testcases.Problem6" name="closeApplication" time="0.410"/>
  <system-out/>
</testsuite> <!-- com.sgtesting.tests.testcases.Problem6 -->
